Сборка начата 28.10.2025 22:11:05.
Уровень детализации журнала: Normal.     1>Проект "D:\Универ\4 курс\5 сем\ПСП\Lab_02\Lab_02\ClientT\ClientT.vcxproj" в узле 2 (целевые объекты Build).
     1>PrepareForBuild:
         Структурированный вывод включен. Форматирование диагностики компилятора будет отражать иерархию ошибок. Подробнее см. https://aka.ms/cpp/structured-output.
       InitializeBuildStatus:
         Создание "x64\Debug\ClientT.tlog\unsuccessfulbuild", так как было задано "AlwaysCreate".
         Обращение к "x64\Debug\ClientT.tlog\unsuccessfulbuild".
       ClCompile:
         Для всех выходных данных обновления не требуется.
       Link:
         C:\Program Files\Microsoft Visual Studio\2022\Community\VC\Tools\MSVC\14.44.35207\bin\HostX64\x64\link.exe /ERRORREPORT:PROMPT /OUT:"D:\Универ\4 курс\5 сем\ПСП\Lab_02\Lab_02\x64\Debug\ClientT.exe" /INCREMENTAL /ILK:"x64\Debug\ClientT.ilk" /NOLOGO kernel32.lib user32.lib gdi32.lib winspool.lib comdlg32.lib advapi32.lib shell32.lib ole32.lib oleaut32.lib uuid.lib odbc32.lib odbccp32.lib /MANIFEST /MANIFESTUAC:"level='asInvoker' uiAccess='false'" /manifest:embed /DEBUG /PDB:"D:\Универ\4 курс\5 сем\ПСП\Lab_02\Lab_02\x64\Debug\ClientT.pdb" /SUBSYSTEM:CONSOLE /TLBID:1 /DYNAMICBASE /NXCOMPAT /IMPLIB:"D:\Универ\4 курс\5 сем\ПСП\Lab_02\Lab_02\x64\Debug\ClientT.lib" /MACHINE:X64 x64\Debug\ClientT.obj
         x64\Debug\Errors.obj
         ClientT.vcxproj -> D:\Универ\4 курс\5 сем\ПСП\Lab_02\Lab_02\x64\Debug\ClientT.exe
       FinalizeBuildStatus:
         Файл "x64\Debug\ClientT.tlog\unsuccessfulbuild" удаляется.
         Обращение к "x64\Debug\ClientT.tlog\ClientT.lastbuildstate".
     1>Сборка проекта "D:\Универ\4 курс\5 сем\ПСП\Lab_02\Lab_02\ClientT\ClientT.vcxproj" завершена (целевые объекты Build).

Сборка успешно завершена.
    Предупреждений: 0
    Ошибок: 0

Прошло времени 00:00:01.58
